This is pdfeTeXk, Version 3.141592-1.30.4-2.2 (Web2C 7.5.5) (format=latex 2008.11.24)  15 SEP 2009 17:02
entering extended mode
 %&-line parsing enabled.
**mine
(./mine.tex
LaTeX2e <2003/12/01>
Babel <v3.8g> and hyphenation patterns for english, usenglishmax, dumylang, noh
yphenation, pinyin, loaded.
(/home/wizard/.texlive2005/texmf-var/tex/latex/textpl_trunk/wizard.cls
Document Class: wizard 2007/12/23 v0.2 The LaTeX template for thesis of LNTU
(/opt/texlive/2005/texmf-dist/tex/latex/koma-script/scrbook.cls
Document Class: scrbook 2004/09/16 v2.9t LaTeX2e KOMA document class
(/opt/texlive/2005/texmf-dist/tex/latex/koma-script/scrlfile.sty
Package: scrlfile 2004/09/16 v2.9t LaTeX2e KOMA package

Package scrlfile, 2004/09/16 v2.9t LaTeX2e KOMA package
                  Copyright (C) Markus Kohm

) (/opt/texlive/2005/texmf-dist/tex/latex/base/bk12.clo
File: bk12.clo 2004/02/16 v1.4f Standard LaTeX file (size option)
)
(/opt/texlive/2005/texmf-dist/tex/latex/koma-script/typearea.sty
Package: typearea 2004/09/16 v2.9t LaTeX2e KOMA package

Package typearea, 2004/09/16 v2.9t LaTeX2e KOMA package
                  Copyright (C) Frank Neukam, 1992-1994
                  Copyright (C) Markus Kohm, 1994-2002

\ta@bcor=\skip41
\ta@div=\count79
\ta@hblk=\skip42
\ta@vblk=\skip43
\ta@temp=\skip44
Package typearea Info: These are the values describing the layout:
(typearea)             DIV  = 12
(typearea)             BCOR = 0.0pt
(typearea)             \paperwidth      = 597.50793pt
(typearea)              \textwidth      = 448.13095pt
(typearea)              \columnwidth    = 0.0pt
(typearea)              \columnsep      = 0.0pt
(typearea)              DIV-departure   = -6/100
(typearea)              \evensidemargin = 2.4185pt
(typearea)              \oddsidemargin  = 2.4185pt
(typearea)             \paperheight     = 845.04694pt
(typearea)              \textheight     = 635.5pt
(typearea)              \topmargin      = -41.72441pt
(typearea)              \headheight     = 18.125pt
(typearea)              \headsep        = 21.75pt
(typearea)              \topskip        = 12.0pt
(typearea)              \footskip       = 50.75pt
(typearea)              \baselineskip   = 14.5pt
(typearea)              on input line 633.
)
\c@part=\count80
\c@chapter=\count81
\c@section=\count82
\c@subsection=\count83
\c@subsubsection=\count84
\c@paragraph=\count85
\c@subparagraph=\count86
\c@figure=\count87
\c@table=\count88
\abovecaptionskip=\skip45
\belowcaptionskip=\skip46
\c@pti@nb@sid@b@x=\box26
\bibindent=\dimen102
) (/opt/texlive/2005/texmf-dist/tex/latex/base/doc.sty
Package: doc 2004/02/09 v2.1b Standard LaTeX documentation package (FMi)
\c@StandardModuleDepth=\count89
\guard@level=\count90
\MacrocodeTopsep=\skip47
\MacroIndent=\dimen103
\macro@cnt=\count91
\MacroTopsep=\skip48
\index@excludelist=\toks14

(/opt/texlive/2005/texmf-dist/tex/latex/tools/multicol.sty
Package: multicol 2004/02/14 v1.6e multicolumn formatting (FMi)
\c@tracingmulticols=\count92
\mult@box=\box27
\multicol@leftmargin=\dimen104
\c@unbalance=\count93
\c@collectmore=\count94
\doublecol@number=\count95
\multicoltolerance=\count96
\multicolpretolerance=\count97
\full@width=\dimen105
\page@free=\dimen106
\premulticols=\dimen107
\postmulticols=\dimen108
\multicolsep=\skip49
\multicolbaselineskip=\skip50
\partial@page=\box28
\last@line=\box29
\mult@rightbox=\box30
\mult@grightbox=\box31
\mult@gfirstbox=\box32
\mult@firstbox=\box33
\@tempa=\box34
\@tempa=\box35
\@tempa=\box36
\@tempa=\box37
\@tempa=\box38
\@tempa=\box39
\@tempa=\box40
\@tempa=\box41
\@tempa=\box42
\@tempa=\box43
\@tempa=\box44
\@tempa=\box45
\@tempa=\box46
\@tempa=\box47
\@tempa=\box48
\@tempa=\box49
\@tempa=\box50
\c@columnbadness=\count98
\c@finalcolumnbadness=\count99
\last@try=\dimen109
\multicolovershoot=\dimen110
\multicolundershoot=\dimen111
\mult@nat@firstbox=\box51
\colbreak@box=\box52
)
\IndexMin=\dimen112
\c@IndexColumns=\count100
\GlossaryMin=\dimen113
\c@GlossaryColumns=\count101
\check@sum=\count102
\bslash@cnt=\count103
\wrong@table=\toks15
\c@CodelineNo=\count104
)
(/opt/texlive/2005/texmf-local/tex/latex/CJK/CJK.sty
Package: CJK 2005/08/11 4.6.0

(/opt/texlive/2005/texmf-local/tex/latex/CJK/mule/MULEenc.sty
File: MULEenc.sty 2005/08/11 4.6.0
)
(/opt/texlive/2005/texmf-local/tex/latex/CJK/CJK.enc
File: CJK.enc 2005/08/11 4.6.0
)
LaTeX Info: Redefining \selectfont on input line 741.
\CJK@indent=\box53
)
(/opt/texlive/2005/texmf-local/tex/latex/CJK/CJKnumb.sty
Package: CJKnumb 2005/08/11 4.6.0
\CJK@q=\count105
\CJK@r=\count106
)
(/opt/texlive/2005/texmf-local/tex/latex/ccmap/ccmap.sty
Package: ccmap 2005/07/14

(/opt/texlive/2005/texmf-dist/tex/latex/oberdiek/ifpdf.sty
Package: ifpdf 2005/07/22 v1.3 Providing \ifpdf (HO)
Package ifpdf Info: pdfTeX in pdf mode not detected.
)

Package ccmap Warning: not running PDFLaTeX - package not loaded.

) (/opt/texlive/2005/texmf-dist/tex/latex/tools/indentfirst.sty
Package: indentfirst 1995/11/23 v1.03 Indent first paragraph (DPC)
)
(/opt/texlive/2005/texmf-dist/tex/latex/jknapltx/mathrsfs.sty
Package: mathrsfs 1996/01/01 Math RSFS package v1.0 (jk)
\symrsfs=\mathgroup4
)
(/opt/texlive/2005/texmf-dist/tex/latex/amsfonts/amssymb.sty
Package: amssymb 2002/01/22 v2.2d

(/opt/texlive/2005/texmf-dist/tex/latex/amsfonts/amsfonts.sty
Package: amsfonts 2001/10/25 v2.2f
\@emptytoks=\toks16
\symAMSa=\mathgroup5
\symAMSb=\mathgroup6
LaTeX Font Info:    Overwriting math alphabet `\mathfrak' in version `bold'
(Font)                  U/euf/m/n --> U/euf/b/n on input line 132.
))
(/opt/texlive/2005/texmf-dist/tex/latex/amslatex/amsmath.sty
Package: amsmath 2000/07/18 v2.13 AMS math features
\@mathmargin=\skip51

For additional information on amsmath, use the `?' option.
(/opt/texlive/2005/texmf-dist/tex/latex/amslatex/amstext.sty
Package: amstext 2000/06/29 v2.01

(/opt/texlive/2005/texmf-dist/tex/latex/amslatex/amsgen.sty
File: amsgen.sty 1999/11/30 v2.0
\@emptytoks=\toks17
\ex@=\dimen114
))
(/opt/texlive/2005/texmf-dist/tex/latex/amslatex/amsbsy.sty
Package: amsbsy 1999/11/29 v1.2d
\pmbraise@=\dimen115
)
(/opt/texlive/2005/texmf-dist/tex/latex/amslatex/amsopn.sty
Package: amsopn 1999/12/14 v2.01 operator names
)
\inf@bad=\count107
LaTeX Info: Redefining \frac on input line 211.
\uproot@=\count108
\leftroot@=\count109
LaTeX Info: Redefining \overline on input line 307.
\classnum@=\count110
\DOTSCASE@=\count111
LaTeX Info: Redefining \ldots on input line 379.
LaTeX Info: Redefining \dots on input line 382.
LaTeX Info: Redefining \cdots on input line 467.
\Mathstrutbox@=\box54
\strutbox@=\box55
\big@size=\dimen116
LaTeX Font Info:    Redeclaring font encoding OML on input line 567.
LaTeX Font Info:    Redeclaring font encoding OMS on input line 568.
\macc@depth=\count112
\c@MaxMatrixCols=\count113
\dotsspace@=\muskip10
\c@parentequation=\count114
\dspbrk@lvl=\count115
\tag@help=\toks18
\row@=\count116
\column@=\count117
\maxfields@=\count118
\andhelp@=\toks19
\eqnshift@=\dimen117
\alignsep@=\dimen118
\tagshift@=\dimen119
\tagwidth@=\dimen120
\totwidth@=\dimen121
\lineht@=\dimen122
\@envbody=\toks20
\multlinegap=\skip52
\multlinetaggap=\skip53
\mathdisplay@stack=\toks21
LaTeX Info: Redefining \[ on input line 2666.
LaTeX Info: Redefining \] on input line 2667.
)
(/opt/texlive/2005/texmf-dist/tex/latex/amslatex/amsthm.sty
Package: amsthm 2004/08/06 v2.20
\thm@style=\toks22
\thm@bodyfont=\toks23
\thm@headfont=\toks24
\thm@notefont=\toks25
\thm@headpunct=\toks26
\thm@preskip=\skip54
\thm@postskip=\skip55
\thm@headsep=\skip56
\dth@everypar=\toks27
)
(/opt/texlive/2005/texmf-dist/tex/latex/graphics/graphicx.sty
Package: graphicx 1999/02/16 v1.0f Enhanced LaTeX Graphics (DPC,SPQR)

(/opt/texlive/2005/texmf-dist/tex/latex/graphics/keyval.sty
Package: keyval 1999/03/16 v1.13 key=value parser (DPC)
\KV@toks@=\toks28
)
(/opt/texlive/2005/texmf-dist/tex/latex/graphics/graphics.sty
Package: graphics 2001/07/07 v1.0n Standard LaTeX Graphics (DPC,SPQR)

(/opt/texlive/2005/texmf-dist/tex/latex/graphics/trig.sty
Package: trig 1999/03/16 v1.09 sin cos tan (DPC)
)
(/opt/texlive/2005/texmf/tex/latex/config/graphics.cfg
File: graphics.cfg 2001/08/31 v1.1 graphics configuration of teTeX/TeXLive
)
Package graphics Info: Driver file: dvips.def on input line 80.

(/opt/texlive/2005/texmf-dist/tex/latex/graphics/dvips.def
File: dvips.def 1999/02/16 v3.0i Driver-dependant file (DPC,SPQR)
))
\Gin@req@height=\dimen123
\Gin@req@width=\dimen124
)
(/opt/texlive/2005/texmf-dist/tex/latex/setspace/setspace.sty
Package: setspace 2000/12/01 6.7 Contributed and Supported LaTeX2e package

Package: `setspace' 6.7 <2000/12/01>
) (/opt/texlive/2005/texmf-dist/tex/latex/tocbibind/tocbibind.sty
Package: tocbibind 2003/03/13 v1.5g extra ToC listings


Package tocbibind Note: The document has chapter divisions.


Package tocbibind Note: Using chapter style headings, unless overridden.

) (/opt/texlive/2005/texmf-dist/tex/latex/natbib/natbib.sty
Package: natbib 2003/06/06 7.1 (PWD)
\bibhang=\skip57
\bibsep=\skip58
LaTeX Info: Redefining \cite on input line 518.
\c@NAT@ctr=\count119
)
(/opt/texlive/2005/texmf-dist/tex/latex/tools/array.sty
Package: array 2003/12/17 v2.4a Tabular extension package (FMi)
\col@sep=\dimen125
\extrarowheight=\dimen126
\NC@list=\toks29
\extratabsurround=\skip59
\backup@length=\skip60
)
(/opt/texlive/2005/texmf-dist/tex/latex/caption/caption2.sty
Package: caption2 2004/05/10 v2.1c Customising captions (AS)
\captionmargin=\dimen127
\captionwidth=\dimen128
\captionindent=\dimen129
Package caption2 Info: Running in caption2 v2.0 compatibility mode on input lin
e 197.
\captionlinewidth=\dimen130
\realcaptionwidth=\dimen131
)
(/opt/texlive/2005/texmf-dist/tex/latex/geometry/geometry.sty
Package: geometry 2002/07/08 v3.2 Page Geometry
\Gm@cnth=\count120
\Gm@cntv=\count121
\c@Gm@tempcnt=\count122
\Gm@bindingoffset=\dimen132
\Gm@wd@mp=\dimen133
\Gm@odd@mp=\dimen134
\Gm@even@mp=\dimen135
\Gm@dimlist=\toks30

(/opt/texlive/2005/texmf-dist/tex/latex/geometry/geometry.cfg))
(/opt/texlive/2005/texmf-dist/tex/latex/titlesec/titlesec.sty
Package: titlesec 2005/01/22 v2.6 Sectioning titles
\ttl@box=\box56
\beforetitleunit=\skip61
\aftertitleunit=\skip62
\ttl@plus=\dimen136
\ttl@minus=\dimen137
\titlewidth=\dimen138
\titlewidthlast=\dimen139
\titlewidthfirst=\dimen140

(/opt/texlive/2005/texmf-dist/tex/latex/titlesec/ttlps.def
File: ttlps.def 2005/01/22
))
(/opt/texlive/2005/texmf-dist/tex/latex/titlesec/titletoc.sty
Package: titletoc 2005/01/22 v1.5 TOC entries
)
(/opt/texlive/2005/texmf-dist/tex/latex/tools/tabularx.sty
Package: tabularx 1999/01/07 v2.07 `tabularx' package (DPC)
\TX@col@width=\dimen141
\TX@old@table=\dimen142
\TX@old@col=\dimen143
\TX@target=\dimen144
\TX@delta=\dimen145
\TX@cols=\count123
\TX@ftn=\toks31
)
(/opt/texlive/2005/texmf-dist/tex/latex/rotating/rotating.sty
Package: rotating 1997/09/26, v2.13 Rotation package

(/opt/texlive/2005/texmf-dist/tex/latex/base/ifthen.sty
Package: ifthen 2001/05/26 v1.1c Standard LaTeX ifthen package (DPC)
)
\c@r@tfl@t=\count124
\rot@float@box=\box57
)
(/opt/texlive/2005/texmf-dist/tex/latex/booktabs/booktabs.sty
Package: booktabs 2005/03/16 v1.6180 publication quality tables
\heavyrulewidth=\dimen146
\lightrulewidth=\dimen147
\cmidrulewidth=\dimen148
\belowrulesep=\dimen149
\belowbottomsep=\dimen150
\aboverulesep=\dimen151
\abovetopsep=\dimen152
\cmidrulesep=\dimen153
\cmidrulekern=\dimen154
\defaultaddspace=\dimen155
\@cmidla=\count125
\@cmidlb=\count126
\@aboverulesep=\dimen156
\@belowrulesep=\dimen157
\@thisruleclass=\count127
\@lastruleclass=\count128
\@thisrulewidth=\dimen158
)
(/opt/texlive/2005/texmf-dist/tex/latex/natbib/bibentry.sty
Package: bibentry 2000/06/20 1.4 (PWD)
)
(/opt/texlive/2005/texmf-dist/tex/latex/listings/listings.sty
\lst@mode=\count129
\lst@gtempboxa=\box58
\lst@token=\toks32
\lst@length=\count130
\lst@currlwidth=\dimen159
\lst@column=\count131
\lst@pos=\count132
\lst@lostspace=\dimen160
\lst@width=\dimen161
\lst@newlines=\count133
\lst@lineno=\count134
\c@lstlisting=\count135
\lst@maxwidth=\dimen162

(/opt/texlive/2005/texmf-dist/tex/latex/listings/lstpatch.sty
File: lstpatch.sty 2004/10/17 1.3b (Carsten Heinz)
)
(/opt/texlive/2005/texmf-dist/tex/latex/listings/lstmisc.sty
File: lstmisc.sty 2004/09/07 1.3 (Carsten Heinz)
\c@lstnumber=\count136
\lst@skipnumbers=\count137
\lst@framebox=\box59
)
(/opt/texlive/2005/texmf-dist/tex/latex/listings/listings.cfg
File: listings.cfg 2004/09/05 1.3 listings configuration
))
Package: listings 2004/10/17 1.3b (Carsten Heinz)

(/opt/texlive/2005/texmf-dist/tex/latex/algorithms/algorithm.sty
Package: algorithm 

Document Style `algorithm' - floating environment
(/opt/texlive/2005/texmf-dist/tex/latex/float/float.sty
Package: float 2001/11/08 v1.3d Float enhancements (AL)
\c@float@type=\count138
\float@exts=\toks33
\float@box=\box60
\@float@everytoks=\toks34
\@floatcapt=\box61
)
\@float@every@algorithm=\toks35
\c@algorithm=\count139
)
(/opt/texlive/2005/texmf-dist/tex/latex/algorithms/algorithmic.sty
Package: algorithmic 2005/07/05

Document Style `algorithmic' - environment
(/opt/texlive/2005/texmf-dist/tex/latex/tools/calc.sty
Package: calc 1998/07/07 v4.1b Infix arithmetic (KKT,FJ)
\calc@Acount=\count140
\calc@Bcount=\count141
\calc@Adimen=\dimen163
\calc@Bdimen=\dimen164
\calc@Askip=\skip63
\calc@Bskip=\skip64
LaTeX Info: Redefining \setlength on input line 59.
LaTeX Info: Redefining \addtolength on input line 60.
\calc@denominator=\count142
)
\c@ALC@line=\count143
\c@ALC@rem=\count144
\c@ALC@depth=\count145
\ALC@tlm=\skip65
\algorithmicindent=\skip66
)
(/opt/texlive/2005/texmf-dist/tex/latex/ltxmisc/framed.sty
Package: framed 2003/07/21 v 0.8a: framed or shaded text with page breaks
\FrameRule=\dimen165
\FrameSep=\dimen166
)
(/opt/texlive/2005/texmf-dist/tex/latex/tools/longtable.sty
Package: longtable 2004/02/01 v4.11 Multi-page Table package (DPC)
\LTleft=\skip67
\LTright=\skip68
\LTpre=\skip69
\LTpost=\skip70
\LTchunksize=\count146
\LTcapwidth=\dimen167
\LT@head=\box62
\LT@firsthead=\box63
\LT@foot=\box64
\LT@lastfoot=\box65
\LT@cols=\count147
\LT@rows=\count148
\c@LT@tables=\count149
\c@LT@chunks=\count150
\LT@p@ftn=\toks36
)

Class scrbook Warning: you've loaded package caption2 before package
(scrbook)              longtable!
(scrbook)              Because of this package caption2 isn't able to control
(scrbook)              \caption at longtables. After loading package caption2
(scrbook)              KOMA-Script also doesn't control \caption.
(scrbook)              I think, you should load package caption2 after package
(scrbook)              longtable on input line 35.

(/opt/texlive/2005/texmf-dist/tex/latex/placeins/placeins.sty
Package: placeins 2005/04/18  v 2.2
)
(/opt/texlive/2005/texmf-local/tex/latex/CJK/standard.bdg
File: standard.bdg 2005/08/11 4.6.0
)
(/opt/texlive/2005/texmf-local/tex/latex/CJK/extended.enc
File: extended.enc 2005/08/11 4.6.0
)
(/opt/texlive/2005/texmf-local/tex/latex/CJK/extended.chr
File: extended.chr 2005/08/11 4.6.0
)
\c@theorem=\count151
) (./mine.aux

LaTeX Warning: Label `thm:classiccomplex' multiply defined.

)
\openout1 = `mine.aux'.

LaTeX Font Info:    Checking defaults for OML/cmm/m/it on input line 29.
LaTeX Font Info:    ... okay on input line 29.
LaTeX Font Info:    Checking defaults for T1/cmr/m/n on input line 29.
LaTeX Font Info:    ... okay on input line 29.
LaTeX Font Info:    Checking defaults for OT1/cmr/m/n on input line 29.
LaTeX Font Info:    ... okay on input line 29.
LaTeX Font Info:    Checking defaults for OMS/cmsy/m/n on input line 29.
LaTeX Font Info:    ... okay on input line 29.
LaTeX Font Info:    Checking defaults for OMX/cmex/m/n on input line 29.
LaTeX Font Info:    ... okay on input line 29.
LaTeX Font Info:    Checking defaults for U/cmr/m/n on input line 29.
LaTeX Font Info:    ... okay on input line 29.
LaTeX Font Info:    Checking defaults for C00/song/m/n on input line 29.
LaTeX Font Info:    ... okay on input line 29.
LaTeX Font Info:    Checking defaults for C05/song/m/n on input line 29.
LaTeX Font Info:    ... okay on input line 29.
LaTeX Font Info:    Checking defaults for C09/song/m/n on input line 29.
LaTeX Font Info:    ... okay on input line 29.
LaTeX Font Info:    Checking defaults for C10/song/m/n on input line 29.
LaTeX Font Info:    ... okay on input line 29.
LaTeX Font Info:    Checking defaults for C20/song/m/n on input line 29.
LaTeX Font Info:    ... okay on input line 29.
LaTeX Font Info:    Checking defaults for C19/song/m/n on input line 29.
LaTeX Font Info:    ... okay on input line 29.
LaTeX Font Info:    Checking defaults for C40/song/m/n on input line 29.
LaTeX Font Info:    ... okay on input line 29.
LaTeX Font Info:    Checking defaults for C42/song/m/n on input line 29.
LaTeX Font Info:    ... okay on input line 29.
LaTeX Font Info:    Checking defaults for C43/song/m/n on input line 29.
LaTeX Font Info:    ... okay on input line 29.
LaTeX Font Info:    Checking defaults for C50/song/m/n on input line 29.
LaTeX Font Info:    ... okay on input line 29.
LaTeX Font Info:    Checking defaults for C52/song/m/n on input line 29.
LaTeX Font Info:    ... okay on input line 29.
LaTeX Font Info:    Checking defaults for C49/song/m/n on input line 29.
LaTeX Font Info:    ... okay on input line 29.
LaTeX Font Info:    Checking defaults for C60/mj/m/n on input line 29.
LaTeX Font Info:    ... okay on input line 29.
LaTeX Font Info:    Checking defaults for C61/mj/m/n on input line 29.
LaTeX Font Info:    ... okay on input line 29.
LaTeX Font Info:    Checking defaults for C63/mj/m/n on input line 29.
LaTeX Font Info:    ... okay on input line 29.
LaTeX Font Info:    Checking defaults for C64/mj/m/n on input line 29.
LaTeX Font Info:    ... okay on input line 29.
LaTeX Font Info:    Checking defaults for C65/mj/m/n on input line 29.
LaTeX Font Info:    ... okay on input line 29.
LaTeX Font Info:    Checking defaults for C70/song/m/n on input line 29.
LaTeX Font Info:    ... okay on input line 29.
LaTeX Font Info:    Checking defaults for C31/song/m/n on input line 29.
LaTeX Font Info:    ... okay on input line 29.
LaTeX Font Info:    Checking defaults for C32/song/m/n on input line 29.
LaTeX Font Info:    ... okay on input line 29.
LaTeX Font Info:    Checking defaults for C33/song/m/n on input line 29.
LaTeX Font Info:    ... okay on input line 29.
LaTeX Font Info:    Checking defaults for C34/song/m/n on input line 29.
LaTeX Font Info:    ... okay on input line 29.
LaTeX Font Info:    Checking defaults for C35/song/m/n on input line 29.
LaTeX Font Info:    ... okay on input line 29.
LaTeX Font Info:    Checking defaults for C36/song/m/n on input line 29.
LaTeX Font Info:    ... okay on input line 29.
LaTeX Font Info:    Checking defaults for C37/song/m/n on input line 29.
LaTeX Font Info:    ... okay on input line 29.
LaTeX Font Info:    Checking defaults for C80/song/m/n on input line 29.
LaTeX Font Info:    ... okay on input line 29.
LaTeX Font Info:    Checking defaults for C81/song/m/n on input line 29.
LaTeX Font Info:    ... okay on input line 29.
LaTeX Font Info:    Checking defaults for C01/song/m/n on input line 29.
LaTeX Font Info:    ... okay on input line 29.
LaTeX Font Info:    Checking defaults for C11/song/m/n on input line 29.
LaTeX Font Info:    ... okay on input line 29.
LaTeX Font Info:    Checking defaults for C21/song/m/n on input line 29.
LaTeX Font Info:    ... okay on input line 29.
LaTeX Font Info:    Checking defaults for C41/song/m/n on input line 29.
LaTeX Font Info:    ... okay on input line 29.
LaTeX Font Info:    Checking defaults for C62/song/m/n on input line 29.
LaTeX Font Info:    ... okay on input line 29.
-------------------- Geometry parameters
paper: class default
landscape: --
twocolumn: --
twoside: --
asymmetric: --
h-parts: 90.19518pt, 415.69485pt, 91.6179pt
v-parts: 72.2698pt, 700.50732pt, 72.2698pt
hmarginratio: --
vmarginratio: --
lines: --
heightrounded: --
bindingoffset: 0.0pt
truedimen: --
includehead: --
includefoot: --
includemp: --
driver: 
-------------------- Page layout dimensions and switches
\paperwidth  597.50793pt
\paperheight 845.04694pt
\textwidth  415.69485pt
\textheight 700.50732pt
\oddsidemargin  17.92519pt
\evensidemargin 17.92519pt
\topmargin  -39.87518pt
\headheight 18.125pt
\headsep    21.75pt
\footskip   50.75pt
\marginparwidth 96.0pt
\marginparsep   12.8401pt
\columnsep  10.0pt
\skip\footins  10.8pt plus 4.0pt minus 2.0pt
\hoffset 0.0pt
\voffset 0.0pt
\mag 1000
\@reversemargintrue 
(1in=72.27pt, 1cm=28.45pt)
-----------------------
 (/opt/texlive/2005/texmf-local/tex/latex/CJK/GB/GB.cpx
File: GB.cpx 2005/08/11 4.6.0
)

LaTeX Font Warning: Font shape `OT1/cmr/m/n' in size <22> not available
(Font)              size <20.74> substituted on input line 32.

LaTeX Font Info:    Try loading font information for C19+hei on input line 32.
(/opt/texlive/2005/texmf-local/tex/latex/CJK/GB/c19hei.fd
File: c19hei.fd 1999/06/20 4.3.0
)

LaTeX Font Warning: Font shape `OT1/cmr/m/n' in size <10.5> not available
(Font)              size <10.95> substituted on input line 35.

LaTeX Font Info:    Try loading font information for C19+song on input line 35.

(/opt/texlive/2005/texmf-local/tex/latex/CJK/GB/c19song.fd
File: c19song.fd 1999/06/20 4.3.0
) [1


] [2

] (./mine.toc
LaTeX Font Info:    Try loading font information for U+rsfs on input line 3.
(/opt/texlive/2005/texmf-dist/tex/latex/jknapltx/ursfs.fd
File: ursfs.fd 1998/03/24 rsfs font definition file (jk)
)
LaTeX Font Info:    Try loading font information for U+msa on input line 3.

(/opt/texlive/2005/texmf-dist/tex/latex/amsfonts/umsa.fd
File: umsa.fd 2002/01/19 v2.2g AMS font definitions
)
LaTeX Font Info:    Try loading font information for U+msb on input line 3.

(/opt/texlive/2005/texmf-dist/tex/latex/amsfonts/umsb.fd
File: umsb.fd 2002/01/19 v2.2g AMS font definitions
) [3

])
\tf@toc=\write3
\openout3 = `mine.toc'.

 [4]
1 1.
[1


] [2] [3]
2 2.

Underfull \vbox (badness 1789) has occurred while \output is active []

 [4

]
[5]
File: fig/roughbasic.1 Graphic file (type eps)
 <fig/roughbasic.1> [6]
File: fig/decision.1 Graphic file (type eps)
 <fig/decision.1> [7] [8]
Underfull \vbox (badness 7522) has occurred while \output is active []

 [9]
[10] [11] [12] [13]
3 3.
[14

] [15]
Missing character: There is no ß in font cmr12!
Missing character: There is no ß in font cmr12!
Missing character: There is no ß in font cmr12!
 [16] [17]
4 4.
File: fig/classic.1 Graphic file (type eps)
<fig/classic.1>
File: fig/diff.1 Graphic file (type eps)
 <fig/diff.1>
Underfull \hbox (badness 10000) in paragraph at lines 619--620
[] []\C19/song/m/n/12/40 È \C19/song/m/n/12/62 u $\OML/cmm/m/it/12 Q[]$ \C19/so
ng/m/n/12/43 ⁄ $\OML/cmm/m/it/12 S$ \C19/song/m/n/12/64 â \C19/song/m/n/12/60 1
 \C19/song/m/n/12/39 ¸ \C19/song/m/n/12/55 · \C19/song/m/n/12/60 5 \C19/song/m/
n/12/43 5 \C19/song/m/n/12/63 K \C19/song/m/n/12/55 ) \C19/song/m/n/12/38 § \C1
9/song/m/n/12/56 é \C19/song/m/n/12/41 {
 []


Underfull \hbox (badness 10000) in paragraph at lines 619--620
\OML/cmm/m/it/12 SingleAttributeSetRulesGeneratingAlgorithm$ \OT1/cmr/m/n/12 ( 
$\OML/cmm/m/it/12 SASRGA$ \OT1/cmr/m/n/12 )(\C19/song/m/n/12/59 ç \C19/song/m/n
/12/45 Ñ
 []

[18

] [19] [20]
Missing character: There is no ∫ in font cmr12!
Missing character: There is no ∫ in font cmr12!
Missing character: There is no ∫ in font cmr12!
Missing character: There is no ∫ in font cmr12!
Missing character: There is no ∫ in font cmr12!
Missing character: There is no ∫ in font cmr12!
Missing character: There is no ∫ in font cmr12!
 [21]
Missing character: There is no ∫ in font cmr12!
Missing character: There is no ∫ in font cmr12!
Missing character: There is no ∫ in font cmr12!
Missing character: There is no ∫ in font cmr12!
Missing character: There is no ∫ in font cmr12!
Missing character: There is no ∫ in font cmr12!
Missing character: There is no ∫ in font cmr12!
 [22] [23]
Missing character: There is no ∑ in font cmr12!
 [24] [25] [26] [27] [28] [29]
5 5.
LaTeX Font Info:    Calculating math sizes for size <10.5> on input line 999.

LaTeX Font Warning: Font shape `OML/cmm/m/it' in size <10.5> not available
(Font)              size <10.95> substituted on input line 999.


LaTeX Font Warning: Font shape `OMS/cmsy/m/n' in size <10.5> not available
(Font)              size <10.95> substituted on input line 999.


LaTeX Font Warning: Font shape `OMX/cmex/m/n' in size <10.5> not available
(Font)              size <10.95> substituted on input line 999.


LaTeX Font Warning: Font shape `U/rsfs/m/n' in size <10.5> not available
(Font)              size <10.95> substituted on input line 999.


LaTeX Font Warning: Font shape `U/msa/m/n' in size <10.5> not available
(Font)              size <10.95> substituted on input line 999.


LaTeX Font Warning: Font shape `U/msb/m/n' in size <10.5> not available
(Font)              size <10.95> substituted on input line 999.


Overfull \hbox (33.3525pt too wide) in paragraph at lines 999--999
 [][] 
 []


Overfull \hbox (21.71385pt too wide) in paragraph at lines 1015--1015
 [][] 
 []


Overfull \hbox (35.87454pt too wide) in paragraph at lines 1065--1065
 [][] 
 []

(./mine.bbl [30

] [31] [32]

LaTeX Font Warning: Font shape `OT1/cmr/m/it' in size <10.5> not available
(Font)              size <10.95> substituted on input line 6.

[33

]
Underfull \vbox (badness 10000) has occurred while \output is active []

 [34]
Underfull \vbox (badness 10000) has occurred while \output is active []

 [35])
(./mine.bbl) [36] [37

]

Package bibentry Warning: You have used \nobibliography* 
(bibentry)                without a following \bibliography.
(bibentry)                You may not be able to run BibTeX.

[38

] (./mine.aux

Package natbib Warning: Citation `ChenQiuLiuHuang06TheFramework' multiply defin
ed.


Package natbib Warning: Citation `ChenYao06Multiview' multiply defined.


Package natbib Warning: Citation `Chen2006' multiply defined.


Package natbib Warning: Citation `Chuchro94OnRough' multiply defined.


Package natbib Warning: Citation `DengChen06OnReduction' multiply defined.


Package natbib Warning: Citation `DuboisPrade90Rough' multiply defined.


Package natbib Warning: Citation `FengMiWu06Covering-Based' multiply defined.


Package natbib Warning: Citation `irisIeee' multiply defined.


Package natbib Warning: Citation `WangDuntschBell98Data' multiply defined.


Package natbib Warning: Citation `hughes:matters-cj' multiply defined.


Package natbib Warning: Citation `usefulFeatureSubsetsAndRoughSetReducts' multi
ply defined.


Package natbib Warning: Citation `LeungWuZhangn06Knowledge' multiply defined.


Package natbib Warning: Citation `LiMiaoYin06Relation' multiply defined.


Package natbib Warning: Citation `LiZhangWang06Classification' multiply defined
.


Package natbib Warning: Citation `Li04Topological' multiply defined.


Package natbib Warning: Citation `roughsetZheLiu' multiply defined.


Package natbib Warning: Citation `Mordeson1999' multiply defined.


Package natbib Warning: Citation `Nanda92Fuzzy' multiply defined.


Package natbib Warning: Citation `rosettaMain' multiply defined.


Package natbib Warning: Citation `Orlowska97Incomplete' multiply defined.


Package natbib Warning: Citation `Orlowska97Introduction' multiply defined.


Package natbib Warning: Citation `Pawlak82Rough' multiply defined.


Package natbib Warning: Citation `Pawlak91Rough' multiply defined.


Package natbib Warning: Citation `PawlakSkowron07RoughSetAndBooleanReasoning' m
ultiply defined.


Package natbib Warning: Citation `PawlakSkowron07RoughSetsSomeExtensions' multi
ply defined.


Package natbib Warning: Citation `PawlakSkowron07Rudiments' multiply defined.


Package natbib Warning: Citation `Pomykala93Approximation' multiply defined.


Package natbib Warning: Citation `Rojanavasu2003' multiply defined.


Package natbib Warning: Citation `PalMitraMitra03rough' multiply defined.


Package natbib Warning: Citation `minReductNPHard' multiply defined.


Package natbib Warning: Citation `SlowinskiVanderpooten96Generalized' multiply 
defined.


Package natbib Warning: Citation `Szmigielski02Rough' multiply defined.


Package natbib Warning: Citation `Tsang2008' multiply defined.


Package natbib Warning: Citation `Turksen02Fuzzy' multiply defined.


Package natbib Warning: Citation `dataset' multiply defined.


Package natbib Warning: Citation `VitoriaMaluszynski02ALogic' multiply defined.



Package natbib Warning: Citation `RoughSet-AidedFeatureSelectionforAutomaticWeb
-PageClassification' multiply defined.


Package natbib Warning: Citation `Wang02Attribute' multiply defined.


Package natbib Warning: Citation `Wu2006' multiply defined.


Package natbib Warning: Citation `Zadeh75I' multiply defined.


Package natbib Warning: Citation `Zadeh75II' multiply defined.


Package natbib Warning: Citation `Zadeh75III' multiply defined.


Package natbib Warning: Citation `Zadeh05Toward' multiply defined.


Package natbib Warning: Citation `sql2005' multiply defined.


Package natbib Warning: Citation `Zhong01Rough' multiply defined.


Package natbib Warning: Citation `ZhuHe00TheAxiomization' multiply defined.


Package natbib Warning: Citation `ZhuHe00Logic' multiply defined.


Package natbib Warning: Citation `Zhu07Informed' multiply defined.


Package natbib Warning: Citation `Zhu06PropertiesoftheFourth' multiply defined.



Package natbib Warning: Citation `Zhu06PropertiesoftheSecond' multiply defined.



Package natbib Warning: Citation `Zhu07Topological' multiply defined.


Package natbib Warning: Citation `ZhuWang03Reduction' multiply defined.


Package natbib Warning: Citation `ZhuWang06PropertiesoftheFirst' multiply defin
ed.


Package natbib Warning: Citation `s_rough_set' multiply defined.


Package natbib Warning: Citation `roughSetChinese' multiply defined.


Package natbib Warning: Citation `nvfs' multiply defined.


Package natbib Warning: Citation `applicationInTrees' multiply defined.


Package natbib Warning: Citation `fuzzyRoughsetZhang' multiply defined.


Package natbib Warning: Citation `ruleReduct' multiply defined.

)

LaTeX Font Warning: Size substitutions with differences
(Font)              up to 1.26pt have occurred.


LaTeX Warning: There were multiply-defined labels.

 )
(\end occurred when \iffalse on line 69 was incomplete) 
Here is how much of TeX's memory you used:
 8721 strings out of 95208
 121015 string characters out of 1185160
 239585 words of memory out of 1500000
 11558 multiletter control sequences out of 10000+50000
 74000 words of font info for 255 fonts, out of 1000000 for 2000
 28 hyphenation exceptions out of 8191
 37i,8n,44p,751b,1639s stack positions out of 5000i,500n,6000p,200000b,5000s

Output written on mine.dvi (42 pages, 146520 bytes).
